<?xml version="1.0" encoding="UTF-8"?>
<testng-results skipped="0" failed="0" ignored="0" total="1" passed="1">
  <reporter-output>
  </reporter-output>
  <suite name="Suite1" duration-ms="1459" started-at="2019-01-03T01:22:23Z" finished-at="2019-01-03T01:22:25Z">
    <groups>
      <group name="cucumber">
        <method signature="AbstractTestNGCucumberTests.feature(cucumber.api.testng.CucumberFeatureWrapper)[pri:0, instance:com.tt.TestRunner.TestRunner@7cd62f43]" name="feature" class="cucumber.api.testng.AbstractTestNGCucumberTests"/>
      </group> <!-- cucumber -->
    </groups>
    <test name="Nopackage" duration-ms="1459" started-at="2019-01-03T01:22:23Z" finished-at="2019-01-03T01:22:25Z">
      <class name="com.tt.TestRunner.TestRunner">
        <test-method status="PASS" signature="setUpClass()[pri:0, instance:com.tt.TestRunner.TestRunner@7cd62f43]" name="setUpClass" is-config="true" duration-ms="889" started-at="2019-01-03T01:22:23Z" finished-at="2019-01-03T01:22:24Z">
          <reporter-output>
          </reporter-output>
        </test-method> <!-- setUpClass -->
        <test-method status="PASS" signature="feature(cucumber.api.testng.CucumberFeatureWrapper)[pri:0, instance:com.tt.TestRunner.TestRunner@7cd62f43]" name="feature" duration-ms="56" started-at="2019-01-03T01:22:24Z" description="Runs Cucumber Feature" data-provider="features" finished-at="2019-01-03T01:22:24Z">
          <params>
            <param index="0">
              <value>
                <![CDATA[Search flight]]>
              </value>
            </param>
          </params>
          <reporter-output>
          </reporter-output>
        </test-method> <!-- feature -->
        <test-method status="PASS" signature="tearDownClass()[pri:0, instance:com.tt.TestRunner.TestRunner@7cd62f43]" name="tearDownClass" is-config="true" duration-ms="75" started-at="2019-01-03T01:22:24Z" finished-at="2019-01-03T01:22:25Z">
          <reporter-output>
          </reporter-output>
        </test-method> <!-- tearDownClass -->
      </class> <!-- com.tt.TestRunner.TestRunner -->
    </test> <!-- Nopackage -->
  </suite> <!-- Suite1 -->
</testng-results>
